<?xml version="1.0" encoding="UTF-8"?>
<testsuite name="myproj.GreeterTest" tests="1" skipped="0" failures="0" errors="0" timestamp="2018-08-03T07:50:16" hostname="bigdatafierce2-vm" time="0.003">
  <properties/>
  <testcase name="testFoo" classname="myproj.GreeterTest" time="0.003"/>
  <system-out><![CDATA[]]></system-out>
  <system-err><![CDATA[]]></system-err>
</testsuite>
